<?xml version="1.0" encoding="UTF-8"?>
<testsuite xmlns:xsi="http://www.w3.org/2001/XMLSchema-instance" xsi:noNamespaceSchemaLocation="https://maven.apache.org/surefire/maven-surefire-plugin/xsd/surefire-test-report-3.0.xsd" version="3.0" name="com.whisper.ws.WsApplicationTests" time="7.267" tests="1" errors="0" skipped="0" failures="0">
  <properties>
[...]
</properties>
  <testcase name="contextLoads" classname="com.whisper.ws.WsApplicationTests" time="0.407">
    <system-out><![CDATA[18:08:47.351 [main] INFO org.springframework.test.context.support.AnnotationConfigContextLoaderUtils -- Could not detect default configuration classes for test class [com.whisper.ws.WsApplicationTests]: WsApplicationTests does not declare any static, non-private, non-final, nested classes annotated with @Configuration.
18:08:47.465 [main] INFO org.springframework.boot.test.context.SpringBootTestContextBootstrapper -- Found @SpringBootConfiguration com.whisper.ws.WsApplication for test class com.whisper.ws.WsApplicationTests
18:08:47.660 [main] INFO org.springframework.boot.devtools.restart.RestartApplicationListener -- Restart disabled due to context in which it is running

  .   ____          _            __ _ _
 /\\ / ___'_ __ _ _(_)_ __  __ _ \ \ \ \
( ( )\___ | '_ | '_| | '_ \/ _` | \ \ \ \
 \\/  ___)| |_)| | | | | || (_| |  ) ) ) )
  '  |____| .__|_| |_|_| |_\__, | / / / /
 =========|_|==============|___/=/_/_/_/
 :: Spring Boot ::                (v3.1.7)

2024-02-21T18:08:48.081+03:00  INFO 8380 --- [           main] com.whisper.ws.WsApplicationTests        : Starting WsApplicationTests using Java 17.0.10 with PID 8380 (started by ygtku in C:\Users\ygtku\OneDrive\Desktop\React-Spring-WebApp-master\ws)
2024-02-21T18:08:48.082+03:00  INFO 8380 --- [           main] com.whisper.ws.WsApplicationTests        : The following 1 profile is active: "localhost"
2024-02-21T18:08:48.857+03:00  INFO 8380 --- [           main] .s.d.r.c.RepositoryConfigurationDelegate : Bootstrapping Spring Data JPA repositories in DEFAULT mode.
2024-02-21T18:08:49.019+03:00  INFO 8380 --- [           main] .s.d.r.c.RepositoryConfigurationDelegate : Finished Spring Data repository scanning in 153 ms. Found 4 JPA repository interfaces.
2024-02-21T18:08:49.304+03:00  INFO 8380 --- [           main] o.s.cloud.context.scope.GenericScope     : BeanFactory id=89036d3e-c097-33c9-aa65-8a39547fe615
2024-02-21T18:08:49.685+03:00  INFO 8380 --- [           main] o.hibernate.jpa.internal.util.LogHelper  : HHH000204: Processing PersistenceUnitInfo [name: default]
2024-02-21T18:08:49.766+03:00  INFO 8380 --- [           main] org.hibernate.Version                    : HHH000412: Hibernate ORM core version 6.2.17.Final
2024-02-21T18:08:49.768+03:00  INFO 8380 --- [           main] org.hibernate.cfg.Environment            : HHH000406: Using bytecode reflection optimizer
2024-02-21T18:08:50.138+03:00  INFO 8380 --- [           main] o.s.o.j.p.SpringPersistenceUnitInfo      : No LoadTimeWeaver setup: ignoring JPA class transformer
2024-02-21T18:08:50.171+03:00  INFO 8380 --- [           main] com.zaxxer.hikari.HikariDataSource       : HikariPool-1 - Starting...
2024-02-21T18:08:50.380+03:00  INFO 8380 --- [           main] com.zaxxer.hikari.pool.HikariPool        : HikariPool-1 - Added connection conn0: url=jdbc:h2:file:./dev.db user=SA
2024-02-21T18:08:50.381+03:00  INFO 8380 --- [           main] com.zaxxer.hikari.HikariDataSource       : HikariPool-1 - Start completed.
2024-02-21T18:08:51.241+03:00  INFO 8380 --- [           main] o.h.e.t.j.p.i.JtaPlatformInitiator       : HHH000489: No JTA platform available (set 'hibernate.transaction.jta.platform' to enable JTA platform integration)
2024-02-21T18:08:51.288+03:00  INFO 8380 --- [           main] j.LocalContainerEntityManagerFactoryBean : Initialized JPA EntityManagerFactory for persistence unit 'default'
2024-02-21T18:08:52.021+03:00  WARN 8380 --- [           main] JpaBaseConfiguration$JpaWebConfiguration : spring.jpa.open-in-view is enabled by default. Therefore, database queries may be performed during view rendering. Explicitly configure spring.jpa.open-in-view to disable this warning
2024-02-21T18:08:52.599+03:00  INFO 8380 --- [           main] o.s.s.web.DefaultSecurityFilterChain     : Will secure any request with [org.springframework.security.web.session.DisableEncodeUrlFilter@6d58ed12, org.springframework.security.web.context.request.async.WebAsyncManagerIntegrationFilter@221ef0f0, org.springframework.security.web.context.SecurityContextHolderFilter@2f349170, org.springframework.security.web.authentication.logout.LogoutFilter@4203190, com.whisper.ws.user.configuration.TokenFilter@3e866323, org.springframework.security.web.authentication.www.BasicAuthenticationFilter@53c39950, org.springframework.security.web.savedrequest.RequestCacheAwareFilter@323b5264, org.springframework.security.web.servletapi.SecurityContextHolderAwareRequestFilter@386b4f7e, org.springframework.security.web.authentication.AnonymousAuthenticationFilter@34ad750f, org.springframework.security.web.access.ExceptionTranslationFilter@1cb4cad0, org.springframework.security.web.access.intercept.AuthorizationFilter@226f472]
2024-02-21T18:08:53.159+03:00  INFO 8380 --- [           main] DiscoveryClientOptionalArgsConfiguration : Eureka HTTP Client uses RestTemplate.
2024-02-21T18:08:53.293+03:00  WARN 8380 --- [           main] iguration$LoadBalancerCaffeineWarnLogger : Spring Cloud LoadBalancer is currently working with the default cache. While this cache implementation is useful for development and tests, it's recommended to use Caffeine cache in production.You can switch to using Caffeine cache, by adding it and org.springframework.cache.caffeine.CaffeineCacheManager to the classpath.
2024-02-21T18:08:53.331+03:00  INFO 8380 --- [           main] o.s.c.n.eureka.InstanceInfoFactory       : Setting initial instance status as: STARTING
2024-02-21T18:08:53.444+03:00  INFO 8380 --- [           main] com.netflix.discovery.DiscoveryClient    : Initializing Eureka in region us-east-1
2024-02-21T18:08:53.451+03:00  INFO 8380 --- [           main] c.n.d.s.r.aws.ConfigClusterResolver      : Resolving eureka endpoints via configuration
2024-02-21T18:08:53.479+03:00  INFO 8380 --- [           main] com.netflix.discovery.DiscoveryClient    : Disable delta property : false
2024-02-21T18:08:53.479+03:00  INFO 8380 --- [           main] com.netflix.discovery.DiscoveryClient    : Single vip registry refresh property : null
2024-02-21T18:08:53.479+03:00  INFO 8380 --- [           main] com.netflix.discovery.DiscoveryClient    : Force full registry fetch : false
2024-02-21T18:08:53.479+03:00  INFO 8380 --- [           main] com.netflix.discovery.DiscoveryClient    : Application is null : false
2024-02-21T18:08:53.479+03:00  INFO 8380 --- [           main] com.netflix.discovery.DiscoveryClient    : Registered Applications size is zero : true
2024-02-21T18:08:53.479+03:00  INFO 8380 --- [           main] com.netflix.discovery.DiscoveryClient    : Application version is -1: true
2024-02-21T18:08:53.480+03:00  INFO 8380 --- [           main] com.netflix.discovery.DiscoveryClient    : Getting all instance registry info from the eureka server
2024-02-21T18:08:53.846+03:00  INFO 8380 --- [           main] com.netflix.discovery.DiscoveryClient    : The response status is 200
2024-02-21T18:08:53.848+03:00  INFO 8380 --- [           main] com.netflix.discovery.DiscoveryClient    : Starting heartbeat executor: renew interval is: 30
2024-02-21T18:08:53.850+03:00  INFO 8380 --- [           main] c.n.discovery.InstanceInfoReplicator     : InstanceInfoReplicator onDemand update allowed rate per min is 4
2024-02-21T18:08:53.854+03:00  INFO 8380 --- [           main] com.netflix.discovery.DiscoveryClient    : Discovery Client initialized at timestamp 1708528133853 with initial instances count: 3
2024-02-21T18:08:53.856+03:00  INFO 8380 --- [           main] o.s.c.n.e.s.EurekaServiceRegistry        : Registering application WHISPER-WEB-SERVICE with eureka with status UP
2024-02-21T18:08:53.856+03:00  INFO 8380 --- [           main] com.netflix.discovery.DiscoveryClient    : Saw local status change event StatusChangeEvent [timestamp=1708528133856, current=UP, previous=STARTING]
2024-02-21T18:08:53.858+03:00  INFO 8380 --- [nfoReplicator-0] com.netflix.discovery.DiscoveryClient    : DiscoveryClient_WHISPER-WEB-SERVICE/whisper-web-service:7f627cf8-f7fc-42c8-80ab-5edc048809ec: registering service...
2024-02-21T18:08:53.871+03:00  INFO 8380 --- [           main] com.whisper.ws.WsApplicationTests        : Started WsApplicationTests in 6.238 seconds (process running for 7.127)
2024-02-21T18:08:53.916+03:00  INFO 8380 --- [nfoReplicator-0] com.netflix.discovery.DiscoveryClient    : DiscoveryClient_WHISPER-WEB-SERVICE/whisper-web-service:7f627cf8-f7fc-42c8-80ab-5edc048809ec - registration status: 204
]]></system-out>
  </testcase>
</testsuite>